C51 COMPILER V7.06   BEEPER                                                                05/31/2020 00:14:52 PAGE 1   


C51 COMPILER V7.06, COMPILATION OF MODULE BEEPER
OBJECT MODULE PLACED IN beeper.obj
COMPILER INVOKED BY: C:\Keil\C51\BIN\C51.EXE src\beeper.c BROWSE DEBUG OBJECTEXTEND PRINT(.\beeper.lst) OBJECT(beeper.ob
                    -j)

stmt level    source

   1          #include <reg51.h>
   2          #include "beeper.h"
   3          sbit beep=P2^3;
   4          void beeper_request(unsigned char ucBeeperReq)
   5          {
   6   1          beep=ucBeeperReq;
   7   1      }


MODULE INFORMATION:   STATIC OVERLAYABLE
   CODE SIZE        =      6    ----
   CONSTANT SIZE    =   ----    ----
   XDATA SIZE       =   ----    ----
   PDATA SIZE       =   ----    ----
   DATA SIZE        =   ----    ----
   IDATA SIZE       =   ----    ----
   BIT SIZE         =   ----    ----
END OF MODULE INFORMATION.


C51 COMPILATION COMPLETE.  0 WARNING(S),  0 ERROR(S)
