C51 COMPILER V7.06   LCD                                                                   05/31/2020 00:14:52 PAGE 1   


C51 COMPILER V7.06, COMPILATION OF MODULE LCD
OBJECT MODULE PLACED IN lcd.obj
COMPILER INVOKED BY: C:\Keil\C51\BIN\C51.EXE src\lcd.c BROWSE DEBUG OBJECTEXTEND PRINT(.\lcd.lst) OBJECT(lcd.obj)

stmt level    source

   1          #include <reg51.h>
   2          #include "lcd.h"
   3          
   4          sbit lcd_en=P3^4;
   5          sbit lcd_rs=P3^5;
   6          sbit lcd_dula=P2^6;
   7          sbit lcd_wela=P2^7;
   8          
   9          void delay()
  10          {
  11   1          unsigned char i,j;
  12   1              for(i=5;i>0;i--)
  13   1                  for(j=110;j>0;j--);
  14   1      }
  15          
  16          void lcd_wr_cmd(unsigned char cmd)
  17          {
  18   1          lcd_rs=0;
  19   1              P0=cmd;
  20   1              delay();
  21   1              lcd_en=1;
  22   1              delay();
  23   1              lcd_en=0;
  24   1      }
  25          
  26          void lcd_wr_data(unsigned char dat)
  27          {
  28   1          lcd_rs=1;
  29   1              P0=dat;
  30   1              delay();
  31   1              lcd_en=1;
  32   1              delay();
  33   1              lcd_en=0;
  34   1      }
  35          
  36          void lcd_init(void)
  37          {
  38   1          lcd_dula=0;
  39   1              lcd_wela=0;
  40   1              lcd_en=0;
  41   1              lcd_wr_cmd(0x38);
  42   1              lcd_wr_cmd(0x0c);
  43   1              lcd_wr_cmd(0x06);
  44   1              lcd_wr_cmd(0x01);
  45   1              
  46   1      }
  47          
  48          void lcd_show(unsigned char line,unsigned char text[],unsigned char ucLength)
  49          {
  50   1          unsigned char index=0;
  51   1              if(line==1)
  52   1              {
  53   2                  lcd_wr_cmd(0x80);
  54   2              }
  55   1              else
C51 COMPILER V7.06   LCD                                                                   05/31/2020 00:14:52 PAGE 2   

  56   1              {
  57   2                  lcd_wr_cmd(0x80+0x40);
  58   2              }
  59   1          for(index=0;index<ucLength;index++)
  60   1              {
  61   2                  lcd_wr_data(text[index]);
  62   2              }
  63   1      }


MODULE INFORMATION:   STATIC OVERLAYABLE
   CODE SIZE        =    108    ----
   CONSTANT SIZE    =   ----    ----
   XDATA SIZE       =   ----    ----
   PDATA SIZE       =   ----    ----
   DATA SIZE        =   ----       5
   IDATA SIZE       =   ----    ----
   BIT SIZE         =   ----    ----
END OF MODULE INFORMATION.


C51 COMPILATION COMPLETE.  0 WARNING(S),  0 ERROR(S)
