C51 COMPILER V7.06   MAIN                                                                  05/30/2020 12:19:30 PAGE 1   


C51 COMPILER V7.06, COMPILATION OF MODULE MAIN
OBJECT MODULE PLACED IN main.OBJ
COMPILER INVOKED BY: C:\Keil\C51\BIN\C51.EXE main.c BROWSE INCDIR(C:\Users\Yongchao\Desktop\Projects\TX_1C\tx_1c_base_sy
                    -stem\src\) DEBUG OBJECTEXTEND

stmt level    source

   1          #include <reg51.h>
   2          
   3          #include "task.h"
   4          /*
   5          void delay1s(unsigned int ms)
   6          {
   7              unsigned char i,j,k;
   8                  for(i=(ms/10);i>0;i--)
   9                      for(j=20;j>0;j--)
  10                              for(k=228;k>0;k--);
  11          }*/
  12          
  13          void main()
  14          {
  15   1          //static unsigned int taskCycle=0;
  16   1              tsk_init();
  17   1          while(1)
  18   1              {
  19   2                      /*tsk_cyclic_10ms();
  20   2                      if(taskCycle%10==0)
  21   2                      {
  22   2                      tsk_cyclic_100ms();
  23   2                      }
  24   2                      if(taskCycle%100==0)
  25   2                      {
  26   2                          tsk_cyclic_1s();
  27   2                      }
  28   2                      taskCycle++;
  29   2                      if(taskCycle==100)
  30   2                      {
  31   2                          taskCycle=0;
  32   2                      }
  33   2                      delay1s(10);*/
  34   2              }       
  35   1      }
  36          


MODULE INFORMATION:   STATIC OVERLAYABLE
   CODE SIZE        =      5    ----
   CONSTANT SIZE    =   ----    ----
   XDATA SIZE       =   ----    ----
   PDATA SIZE       =   ----    ----
   DATA SIZE        =   ----    ----
   IDATA SIZE       =   ----    ----
   BIT SIZE         =   ----    ----
END OF MODULE INFORMATION.


C51 COMPILATION COMPLETE.  0 WARNING(S),  0 ERROR(S)
