C51 COMPILER V7.06   TASK                                                                  05/31/2020 00:14:52 PAGE 1   


C51 COMPILER V7.06, COMPILATION OF MODULE TASK
OBJECT MODULE PLACED IN task.obj
COMPILER INVOKED BY: C:\Keil\C51\BIN\C51.EXE src\task.c BROWSE DEBUG OBJECTEXTEND PRINT(.\task.lst) OBJECT(task.obj)

stmt level    source

   1          #include <reg51.h>
   2          #include "led.h"
   3          #include "digit_seg.h"
   4          #include "key.h"
   5          #include "app_stopwatch.h"
   6          #include "lcd.h"
   7          #include "task.h"
   8          
   9          #define ISR_T0_INTERVAL 922 //922-1ms,1843-2ms,4608-5ms,9216-10ms,46080-50ms
  10          #define ISR_T1_INTERVAL 46080 //0.99998911s as simulation result.  //922-1ms,1843-2ms,4608-5ms,9216-10ms,4
             -6080-50ms
  11          
  12          unsigned char taskCycle_10ms=0;
  13          unsigned char taskCycle_100ms=0;
  14          unsigned int taskCycle_1s=0;
  15          
  16          void tsk_cyclic_10ms(void)
  17          {
  18   1      #if !(defined(LCD_EN))
  19   1          key_main();
  20   1      #endif
  21   1      }
  22          
  23          void tsk_cyclic_100ms(void)
  24          {
  25   1      
  26   1      }
  27          void tsk_cyclic_1s(void)
  28          {
  29   1          led_flow();
  30   1              app_stopwatch_main();
  31   1      }
  32          void tsk_init(void)
  33          {
  34   1      #if !(defined(LCD_EN))
  35   1              digital_segment_init();
  36   1      #else   
                      lcd_init();
              #endif
  39   1              //初始化计时器中断
  40   1              TMOD=0x11;
  41   1              //T0
  42   1              TH0=(65536-ISR_T0_INTERVAL)/256;//晶振频率为11.0592Mhz，机器周期为12/11059200=1.085069444444444us,计1ms需
             -要1000/1.085=922
  43   1              TL0=(65536-ISR_T0_INTERVAL)%256;
  44   1          //T1
  45   1              TH1=(65536-ISR_T1_INTERVAL)/256;//晶振频率为11.0592Mhz，机器周期为12/11059200=1.085069444444444us,计1ms需
             -要1000/1.085=922
  46   1              TL1=(65536-ISR_T1_INTERVAL)%256;
  47   1              EA=1;
  48   1              ET0=1;
  49   1              ET1=1;
  50   1              TR0=1;
  51   1              TR1=1;
  52   1      }
C51 COMPILER V7.06   TASK                                                                  05/31/2020 00:14:52 PAGE 2   

  53          void tsk_schedule(void)
  54          {
  55   1          if(taskCycle_10ms==10)
  56   1              {
  57   2                  taskCycle_10ms=0;
  58   2                  tsk_cyclic_10ms();
  59   2              }
  60   1              if(taskCycle_100ms==2)
  61   1              {
  62   2                  taskCycle_100ms=0;
  63   2                  tsk_cyclic_100ms();
  64   2              }
  65   1              if(taskCycle_1s==20)
  66   1              {
  67   2                  taskCycle_1s=0;
  68   2                  tsk_cyclic_1s();
  69   2              }
  70   1      }
  71          void isr_T0() interrupt 1
  72          {
  73   1          TH0=(65536-ISR_T0_INTERVAL)/256;
  74   1              TL0=(65536-ISR_T0_INTERVAL)%256;
  75   1      #if !(defined(LCD_EN))
  76   1              digital_seg_cyclic();//Try to avoid shedule task in 1ms interrupt.
  77   1      #endif
  78   1              taskCycle_10ms++;
  79   1      }
  80          
  81          void isr_T1() interrupt 3
  82          {
  83   1          TH1=(65536-ISR_T1_INTERVAL)/256;
  84   1              TL1=(65536-ISR_T1_INTERVAL)%256;
  85   1              
  86   1              taskCycle_100ms++;
  87   1              taskCycle_1s++;
  88   1      }


MODULE INFORMATION:   STATIC OVERLAYABLE
   CODE SIZE        =    165    ----
   CONSTANT SIZE    =   ----    ----
   XDATA SIZE       =   ----    ----
   PDATA SIZE       =   ----    ----
   DATA SIZE        =      4    ----
   IDATA SIZE       =   ----    ----
   BIT SIZE         =   ----    ----
END OF MODULE INFORMATION.


C51 COMPILATION COMPLETE.  0 WARNING(S),  0 ERROR(S)
